2023-04-03 00:15:29.275739 - Initialized conversion of CBT434
2023-04-03 00:15:30.852143 - Received SBGOLOB.CBT505.FILE434 from FILE434.XMI 
2023-04-03 00:15:30.854869 - Found $$$$READ.txt (text/plain) in SBGOLOB.CBT505.FILE434, moved to FILE434/$$$$READ
2023-04-03 00:15:30.855888 - Found $$$#DATE.txt (text/plain) in SBGOLOB.CBT505.FILE434, moved to FILE434/$$$#DATE
2023-04-03 00:15:30.856945 - Found $$$INDEX.txt (text/plain) in SBGOLOB.CBT505.FILE434, moved to FILE434/$$$INDEX
2023-04-03 00:15:30.858007 - Found $$CHANGE.txt (text/plain) in SBGOLOB.CBT505.FILE434, moved to FILE434/$$CHANGE
2023-04-03 00:15:30.859037 - Found $$INSTAL.txt (text/plain) in SBGOLOB.CBT505.FILE434, moved to FILE434/$$INSTAL
2023-04-03 00:15:30.860124 - Found $ONEPAK.txt (text/plain) in SBGOLOB.CBT505.FILE434, moved to FILE434/$ONEPAK
2023-04-03 00:15:30.861235 - Found $ROOTSHR.txt (text/plain) in SBGOLOB.CBT505.FILE434, moved to FILE434/$ROOTSHR
2023-04-03 00:15:30.862198 - Found $RXINTRO.txt (text/plain) in SBGOLOB.CBT505.FILE434, moved to FILE434/$RXINTRO
2023-04-03 00:15:30.863134 - Found $SNGLTSO.txt (text/plain) in SBGOLOB.CBT505.FILE434, moved to FILE434/$SNGLTSO
2023-04-03 00:15:30.864443 - Found $WLMMONO.txt (text/plain) in SBGOLOB.CBT505.FILE434, moved to FILE434/$WLMMONO
2023-04-03 00:15:30.865424 - Found @FILE434.txt (text/plain) in SBGOLOB.CBT505.FILE434, moved to FILE434/@FILE434
2023-04-03 00:15:30.866315 - Found ACBCHECK.jcl (text/plain) in SBGOLOB.CBT505.FILE434, moved to FILE434/ACBCHECK
2023-04-03 00:15:30.867282 - Found AMBCLIST.txt (text/plain) in SBGOLOB.CBT505.FILE434, moved to FILE434/AMBCLIST
2023-04-03 00:15:30.868630 - Found AMBPANEL.txt (text/plain) in SBGOLOB.CBT505.FILE434, moved to FILE434/AMBPANEL
2023-04-03 00:15:30.869759 - Found APFVER.rexx (text/plain) in SBGOLOB.CBT505.FILE434, moved to FILE434/APFVER
2023-04-03 00:15:30.870748 - Found ASIDLIST.jcl (text/plain) in SBGOLOB.CBT505.FILE434, moved to FILE434/ASIDLIST
2023-04-03 00:15:30.872024 - Found ASIDLRX.rexx (text/plain) in SBGOLOB.CBT505.FILE434, moved to FILE434/ASIDLRX
2023-04-03 00:15:30.873204 - Found BLKCLIST.txt (text/plain) in SBGOLOB.CBT505.FILE434, moved to FILE434/BLKCLIST
2023-04-03 00:15:30.874167 - Found BLKPANEL.txt (text/plain) in SBGOLOB.CBT505.FILE434, moved to FILE434/BLKPANEL
2023-04-03 00:15:30.875115 - Found CALC.rexx (text/x-pascal) in SBGOLOB.CBT505.FILE434, moved to FILE434/CALC
2023-04-03 00:15:30.876256 - Found CAT.rexx (text/plain) in SBGOLOB.CBT505.FILE434, moved to FILE434/CAT
2023-04-03 00:15:30.877349 - Found CATSRCH.rexx (text/plain) in SBGOLOB.CBT505.FILE434, moved to FILE434/CATSRCH
2023-04-03 00:15:30.878300 - Found CATSRCHP.txt (text/plain) in SBGOLOB.CBT505.FILE434, moved to FILE434/CATSRCHP
2023-04-03 00:15:30.879321 - Found CLONERES.jcl (text/plain) in SBGOLOB.CBT505.FILE434, moved to FILE434/CLONERES
2023-04-03 00:15:30.880508 - Found CLONERSO.jcl (text/plain) in SBGOLOB.CBT505.FILE434, moved to FILE434/CLONERSO
2023-04-03 00:15:30.881450 - Found CMD34.rexx (text/plain) in SBGOLOB.CBT505.FILE434, moved to FILE434/CMD34
2023-04-03 00:15:30.882375 - Found COLADD.rexx (text/plain) in SBGOLOB.CBT505.FILE434, moved to FILE434/COLADD
2023-04-03 00:15:30.883335 - Found COLUTIL.rexx (text/plain) in SBGOLOB.CBT505.FILE434, moved to FILE434/COLUTIL
2023-04-03 00:15:30.884392 - Found DB.rexx (text/plain) in SBGOLOB.CBT505.FILE434, moved to FILE434/DB
2023-04-03 00:15:30.885376 - Found DELDUPS.rexx (text/plain) in SBGOLOB.CBT505.FILE434, moved to FILE434/DELDUPS
2023-04-03 00:15:30.886327 - Found DELDUPS2.rexx (text/plain) in SBGOLOB.CBT505.FILE434, moved to FILE434/DELDUPS2
2023-04-03 00:15:30.887706 - Found DELNX.rexx (text/plain) in SBGOLOB.CBT505.FILE434, moved to FILE434/DELNX
2023-04-03 00:15:30.888811 - Found DELX.rexx (text/plain) in SBGOLOB.CBT505.FILE434, moved to FILE434/DELX
2023-04-03 00:15:30.889857 - Found DSLISTSV.txt (text/plain) in SBGOLOB.CBT505.FILE434, moved to FILE434/DSLISTSV
2023-04-03 00:15:30.890837 - Found DT.rexx (text/plain) in SBGOLOB.CBT505.FILE434, moved to FILE434/DT
2023-04-03 00:15:30.891918 - Found EDMACALL.rexx (text/plain) in SBGOLOB.CBT505.FILE434, moved to FILE434/EDMACALL
2023-04-03 00:15:30.892926 - Found EXCL.rexx (text/plain) in SBGOLOB.CBT505.FILE434, moved to FILE434/EXCL
2023-04-03 00:15:30.893882 - Found FILL.rexx (text/plain) in SBGOLOB.CBT505.FILE434, moved to FILE434/FILL
2023-04-03 00:15:30.894819 - Found FINDASYS.txt (text/plain) in SBGOLOB.CBT505.FILE434, moved to FILE434/FINDASYS
2023-04-03 00:15:30.895966 - Found FINDMOD.rexx (text/plain) in SBGOLOB.CBT505.FILE434, moved to FILE434/FINDMOD
2023-04-03 00:15:30.896939 - Found FVE.rexx (text/plain) in SBGOLOB.CBT505.FILE434, moved to FILE434/FVE
2023-04-03 00:15:30.897850 - Found HLISTB.rexx (text/plain) in SBGOLOB.CBT505.FILE434, moved to FILE434/HLISTB
2023-04-03 00:15:30.898785 - Found HLISTBL.rexx (text/plain) in SBGOLOB.CBT505.FILE434, moved to FILE434/HLISTBL
2023-04-03 00:15:30.899866 - Found HLISTM.rexx (text/plain) in SBGOLOB.CBT505.FILE434, moved to FILE434/HLISTM
2023-04-03 00:15:30.900859 - Found HLISTML.rexx (text/plain) in SBGOLOB.CBT505.FILE434, moved to FILE434/HLISTML
2023-04-03 00:15:30.901837 - Found INCL.rexx (text/plain) in SBGOLOB.CBT505.FILE434, moved to FILE434/INCL
2023-04-03 00:15:30.902850 - Found INDIRECR.rexx (text/plain) in SBGOLOB.CBT505.FILE434, moved to FILE434/INDIRECR
2023-04-03 00:15:30.904116 - Found INSLINE.rexx (text/plain) in SBGOLOB.CBT505.FILE434, moved to FILE434/INSLINE
2023-04-03 00:15:30.905166 - Found IPLHIST.rexx (text/plain) in SBGOLOB.CBT505.FILE434, moved to FILE434/IPLHIST
2023-04-03 00:15:30.906333 - Found IPLINFO.rexx (text/plain) in SBGOLOB.CBT505.FILE434, moved to FILE434/IPLINFO
2023-04-03 00:15:30.907575 - Found ISPCMDSA.txt (text/plain) in SBGOLOB.CBT505.FILE434, moved to FILE434/ISPCMDSA
2023-04-03 00:15:30.908601 - Found ISPDFLTS.jcl (text/plain) in SBGOLOB.CBT505.FILE434, moved to FILE434/ISPDFLTS
2023-04-03 00:15:30.909746 - Found ISPEX16.jcl (text/plain) in SBGOLOB.CBT505.FILE434, moved to FILE434/ISPEX16
2023-04-03 00:15:30.910777 - Found JOBCHECK.jcl (text/plain) in SBGOLOB.CBT505.FILE434, moved to FILE434/JOBCHECK
2023-04-03 00:15:30.912179 - Found JOBCHKRX.rexx (text/plain) in SBGOLOB.CBT505.FILE434, moved to FILE434/JOBCHKRX
2023-04-03 00:15:30.913235 - Found KEYSWAP.rexx (text/plain) in SBGOLOB.CBT505.FILE434, moved to FILE434/KEYSWAP
2023-04-03 00:15:30.914473 - Found LASTIPL.rexx (text/plain) in SBGOLOB.CBT505.FILE434, moved to FILE434/LASTIPL
2023-04-03 00:15:30.915517 - Found LINEMAC.rexx (text/plain) in SBGOLOB.CBT505.FILE434, moved to FILE434/LINEMAC
2023-04-03 00:15:30.915529 - Found LINETBL.bin containing application/octet-stream, moved to FILE434/LINETBL
2023-04-03 00:15:30.917581 - Found LMPREXX.rexx (text/plain) in SBGOLOB.CBT505.FILE434, moved to FILE434/LMPREXX
2023-04-03 00:15:30.918708 - Found LNKVER.rexx (text/plain) in SBGOLOB.CBT505.FILE434, moved to FILE434/LNKVER
2023-04-03 00:15:30.919849 - Found LOGRREXX.jcl (text/plain) in SBGOLOB.CBT505.FILE434, moved to FILE434/LOGRREXX
2023-04-03 00:15:30.920908 - Found LPROG.rexx (text/plain) in SBGOLOB.CBT505.FILE434, moved to FILE434/LPROG
2023-04-03 00:15:30.921894 - Found MEMLSTSV.rexx (text/plain) in SBGOLOB.CBT505.FILE434, moved to FILE434/MEMLSTSV
2023-04-03 00:15:30.921904 - Found ONEPAKZD.bin containing application/octet-stream, moved to FILE434/ONEPAKZD
2023-04-03 00:15:30.923073 - Found ONEPAKZ3.bin containing application/octet-stream, moved to FILE434/ONEPAKZ3
2023-04-03 00:15:30.924196 - Found ONEPAKZ6.bin containing application/octet-stream, moved to FILE434/ONEPAKZ6
2023-04-03 00:15:30.925384 - Found ONEPAKZ8.bin containing application/octet-stream, moved to FILE434/ONEPAKZ8
2023-04-03 00:15:30.926703 - Found ONEPAK21.bin containing application/octet-stream, moved to FILE434/ONEPAK21
2023-04-03 00:15:30.927888 - Found ONEPAK22.bin containing application/octet-stream, moved to FILE434/ONEPAK22
2023-04-03 00:15:30.929800 - Found ONEPAK43.jcl (text/plain) in SBGOLOB.CBT505.FILE434, moved to FILE434/ONEPAK43
2023-04-03 00:15:30.930722 - Found PREFIX.rexx (text/plain) in SBGOLOB.CBT505.FILE434, moved to FILE434/PREFIX
2023-04-03 00:15:30.931823 - Found PREFIX2.rexx (text/plain) in SBGOLOB.CBT505.FILE434, moved to FILE434/PREFIX2
2023-04-03 00:15:30.932742 - Found RACFUDEL.jcl (text/plain) in SBGOLOB.CBT505.FILE434, moved to FILE434/RACFUDEL
2023-04-03 00:15:30.933630 - Found RDATE.rexx (text/plain) in SBGOLOB.CBT505.FILE434, moved to FILE434/RDATE
2023-04-03 00:15:30.934504 - Found RDATEF.rexx (text/plain) in SBGOLOB.CBT505.FILE434, moved to FILE434/RDATEF
2023-04-03 00:15:30.935516 - Found REXXMEM.rexx (text/plain) in SBGOLOB.CBT505.FILE434, moved to FILE434/REXXMEM
2023-04-03 00:15:30.936530 - Found REXXSCAN.rexx (text/plain) in SBGOLOB.CBT505.FILE434, moved to FILE434/REXXSCAN
2023-04-03 00:15:30.937624 - Found REXXSTOJ.jcl (text/plain) in SBGOLOB.CBT505.FILE434, moved to FILE434/REXXSTOJ
2023-04-03 00:15:30.938908 - Found REXXSTOR.rexx (text/plain) in SBGOLOB.CBT505.FILE434, moved to FILE434/REXXSTOR
2023-04-03 00:15:30.948198 - Found RXINTRO.xmi (application/xmit) in SBGOLOB.CBT505.FILE434
2023-04-03 00:15:30.952307   - Received to CBT434/ZIP.BIN
2023-04-03 00:15:30.953451 - Found RXSMF30.rexx (text/plain) in SBGOLOB.CBT505.FILE434, moved to FILE434/RXSMF30
2023-04-03 00:15:30.954521 - Found RXSTOR64.rexx (text/plain) in SBGOLOB.CBT505.FILE434, moved to FILE434/RXSTOR64
2023-04-03 00:15:30.955905 - Found SDSF@DR.rexx (text/plain) in SBGOLOB.CBT505.FILE434, moved to FILE434/SDSF@DR
2023-04-03 00:15:30.956975 - Found SDSFPRT.rexx (text/plain) in SBGOLOB.CBT505.FILE434, moved to FILE434/SDSFPRT
2023-04-03 00:15:30.957945 - Found SMPBLD1.jcl (text/plain) in SBGOLOB.CBT505.FILE434, moved to FILE434/SMPBLD1
2023-04-03 00:15:30.958906 - Found SMPBLD2.jcl (text/plain) in SBGOLOB.CBT505.FILE434, moved to FILE434/SMPBLD2
2023-04-03 00:15:30.959821 - Found SMPBLD3.jcl (text/plain) in SBGOLOB.CBT505.FILE434, moved to FILE434/SMPBLD3
2023-04-03 00:15:30.960737 - Found SMPDELF.jcl (text/plain) in SBGOLOB.CBT505.FILE434, moved to FILE434/SMPDELF
2023-04-03 00:15:30.961635 - Found SUFFIX.rexx (text/plain) in SBGOLOB.CBT505.FILE434, moved to FILE434/SUFFIX
2023-04-03 00:15:30.962614 - Found SW.rexx (text/plain) in SBGOLOB.CBT505.FILE434, moved to FILE434/SW
2023-04-03 00:15:30.963607 - Found TAPESTAK.rexx (text/plain) in SBGOLOB.CBT505.FILE434, moved to FILE434/TAPESTAK
2023-04-03 00:15:30.964472 - Found TSOB.rexx (text/plain) in SBGOLOB.CBT505.FILE434, moved to FILE434/TSOB
2023-04-03 00:15:30.965337 - Found TSOE.rexx (text/plain) in SBGOLOB.CBT505.FILE434, moved to FILE434/TSOE
2023-04-03 00:15:30.966172 - Found TSOR.rexx (text/plain) in SBGOLOB.CBT505.FILE434, moved to FILE434/TSOR
2023-04-03 00:15:30.967061 - Found TSOV.rexx (text/plain) in SBGOLOB.CBT505.FILE434, moved to FILE434/TSOV
2023-04-03 00:15:30.967073 - Found TWOPAKZD.bin containing application/octet-stream, moved to FILE434/TWOPAKZD
2023-04-03 00:15:30.968396 - Found TWOPAKZ3.bin containing application/octet-stream, moved to FILE434/TWOPAKZ3
2023-04-03 00:15:30.969888 - Found TWOPAKZ6.bin containing application/octet-stream, moved to FILE434/TWOPAKZ6
2023-04-03 00:15:30.971157 - Found TWOPAKZ8.bin containing application/octet-stream, moved to FILE434/TWOPAKZ8
2023-04-03 00:15:30.972309 - Found TWOPAK21.bin containing application/octet-stream, moved to FILE434/TWOPAK21
2023-04-03 00:15:30.973484 - Found TWOPAK22.bin containing application/octet-stream, moved to FILE434/TWOPAK22
2023-04-03 00:15:30.974681 - Found TWOPAK23.bin containing application/octet-stream, moved to FILE434/TWOPAK23
2023-04-03 00:15:30.976200 - Found TWOPAK24.bin containing application/octet-stream, moved to FILE434/TWOPAK24
2023-04-03 00:15:30.978750 - Found UMJES01.txt (text/plain) in SBGOLOB.CBT505.FILE434, moved to FILE434/UMJES01
2023-04-03 00:15:30.979732 - Found UMJES01O.txt (text/plain) in SBGOLOB.CBT505.FILE434, moved to FILE434/UMJES01O
2023-04-03 00:15:30.980692 - Found UMJES012.txt (text/plain) in SBGOLOB.CBT505.FILE434, moved to FILE434/UMJES012
2023-04-03 00:15:30.981610 - Found UMJES06.txt (text/plain) in SBGOLOB.CBT505.FILE434, moved to FILE434/UMJES06
2023-04-03 00:15:30.982764 - Found VTOCLIST.txt (text/plain) in SBGOLOB.CBT505.FILE434, moved to FILE434/VTOCLIST
2023-04-03 00:15:30.983771 - Found VTOCTOT.jcl (text/plain) in SBGOLOB.CBT505.FILE434, moved to FILE434/VTOCTOT
2023-04-03 00:15:30.984867 - Found XBROWSE.rexx (text/plain) in SBGOLOB.CBT505.FILE434, moved to FILE434/XBROWSE
2023-04-03 00:15:30.985828 - Found XDSLIST.rexx (text/plain) in SBGOLOB.CBT505.FILE434, moved to FILE434/XDSLIST
2023-04-03 00:15:30.986948 - Found XEDIT.rexx (text/plain) in SBGOLOB.CBT505.FILE434, moved to FILE434/XEDIT
2023-04-03 00:15:30.987904 - Found XEF.rexx (text/plain) in SBGOLOB.CBT505.FILE434, moved to FILE434/XEF
2023-04-03 00:15:30.989142 - Found XEFCLIST.txt (text/plain) in SBGOLOB.CBT505.FILE434, moved to FILE434/XEFCLIST
2023-04-03 00:15:30.990246 - Found XEFHELP.txt (text/plain) in SBGOLOB.CBT505.FILE434, moved to FILE434/XEFHELP
2023-04-03 00:15:30.991525 - Found XEFHELP2.txt (text/plain) in SBGOLOB.CBT505.FILE434, moved to FILE434/XEFHELP2
2023-04-03 00:15:30.992460 - Found XEFHELP3.txt (text/plain) in SBGOLOB.CBT505.FILE434, moved to FILE434/XEFHELP3
2023-04-03 00:15:30.993523 - Found XEFHELP4.txt (text/plain) in SBGOLOB.CBT505.FILE434, moved to FILE434/XEFHELP4
2023-04-03 00:15:30.994692 - Found XEFINF.txt (text/plain) in SBGOLOB.CBT505.FILE434, moved to FILE434/XEFINF
2023-04-03 00:15:30.995835 - Found XEFINFD.txt (text/plain) in SBGOLOB.CBT505.FILE434, moved to FILE434/XEFINFD
2023-04-03 00:15:30.996825 - Found XEFINFE.txt (text/plain) in SBGOLOB.CBT505.FILE434, moved to FILE434/XEFINFE
2023-04-03 00:15:30.997729 - Found XEFINFP.txt (text/plain) in SBGOLOB.CBT505.FILE434, moved to FILE434/XEFINFP
2023-04-03 00:15:30.998603 - Found XEFINFS.txt (text/plain) in SBGOLOB.CBT505.FILE434, moved to FILE434/XEFINFS
2023-04-03 00:15:30.999539 - Found XEFLIBD.rexx (text/plain) in SBGOLOB.CBT505.FILE434, moved to FILE434/XEFLIBD
2023-04-03 00:15:31.000462 - Found XEFMENU.txt (text/plain) in SBGOLOB.CBT505.FILE434, moved to FILE434/XEFMENU
2023-04-03 00:15:31.001547 - Found XEFMENUB.txt (text/plain) in SBGOLOB.CBT505.FILE434, moved to FILE434/XEFMENUB
2023-04-03 00:15:31.086120 - Found XEFV62.xmi (application/xmit) in SBGOLOB.CBT505.FILE434
2023-04-03 00:15:31.102430   - Received to CBT434/XEF.V62
2023-04-03 00:15:31.103783 - Found XEF00.txt (text/plain) in SBGOLOB.CBT505.FILE434, moved to FILE434/XEF00
2023-04-03 00:15:31.190854 - Found XEF62.xmi (application/xmit) in SBGOLOB.CBT505.FILE434
2023-04-03 00:15:31.209971   - Received to CBT434/XEF.V62
2023-04-03 00:15:31.211278 - Found XLISTC.rexx (text/plain) in SBGOLOB.CBT505.FILE434, moved to FILE434/XLISTC
2023-04-03 00:15:31.212653 - Found XMEMLIST.rexx (text/plain) in SBGOLOB.CBT505.FILE434, moved to FILE434/XMEMLIST
2023-04-03 00:15:31.213679 - Found XVIEW.rexx (text/plain) in SBGOLOB.CBT505.FILE434, moved to FILE434/XVIEW
2023-04-03 00:15:31.214580 - Found ZBROWSE.rexx (text/plain) in SBGOLOB.CBT505.FILE434, moved to FILE434/ZBROWSE
2023-04-03 00:15:31.215852 - Found ZEDIT.rexx (text/plain) in SBGOLOB.CBT505.FILE434, moved to FILE434/ZEDIT
2023-04-03 00:15:31.217008 - Found ZVIEW.rexx (text/plain) in SBGOLOB.CBT505.FILE434, moved to FILE434/ZVIEW
